<?xml version="1.0" encoding="UTF-8"?>
<!-- Generated by org.testng.reporters.JUnitReportReporter -->
<testsuite hostname="prajakta-PC" name="comPRO.Test.TC_001" tests="3" failures="0" timestamp="30 Oct 2020 08:14:47 GMT" time="33.151" errors="0">
  <testcase name="LogInTest" time="15.962" classname="comPRO.Test.TC_001"/>
  <testcase name="HorizontalTest" time="17.188" classname="comPRO.Test.TC_001"/>
  <testcase name="LogoutTest" time="0.001" classname="comPRO.Test.TC_001"/>
</testsuite> <!-- comPRO.Test.TC_001 -->
